2021-03-03 18:02:21.9433 | DEBUG | url:  | action:  | init main 
 
2021-03-03 18:02:21.9433 | DEBUG | url:  | action:  | init main 
 
2021-03-03 18:02:22.9945 | INFO | url:  | action:  | Application started. Press Ctrl+C to shut down. 
 
2021-03-03 18:02:22.9945 | INFO | url:  | action:  | Application started. Press Ctrl+C to shut down. 
 
2021-03-03 18:02:23.0105 | INFO | url:  | action:  | Hosting environment: Development 
 
2021-03-03 18:02:23.0105 | INFO | url:  | action:  | Hosting environment: Development 
 
2021-03-03 18:02:23.0105 | INFO | url:  | action:  | Content root path: C:\Users\Jas\Documents\_visualStudio_projects\PeopleManagement\PeopleManagement 
 
2021-03-03 18:02:23.0105 | INFO | url:  | action:  | Content root path: C:\Users\Jas\Documents\_visualStudio_projects\PeopleManagement\PeopleManagement 
 
2021-03-03 18:20:27.5443 | DEBUG | url:  | action:  | init main 
 
2021-03-03 18:20:27.5443 | DEBUG | url:  | action:  | init main 
 
2021-03-03 18:20:28.4065 | INFO | url:  | action:  | Application started. Press Ctrl+C to shut down. 
 
2021-03-03 18:20:28.4065 | INFO | url:  | action:  | Application started. Press Ctrl+C to shut down. 
 
2021-03-03 18:20:28.4065 | INFO | url:  | action:  | Hosting environment: Development 
 
2021-03-03 18:20:28.4065 | INFO | url:  | action:  | Hosting environment: Development 
 
2021-03-03 18:20:28.4146 | INFO | url:  | action:  | Content root path: C:\Users\Jas\Documents\_visualStudio_projects\PeopleManagement\PeopleManagement 
 
2021-03-03 18:20:28.4146 | INFO | url:  | action:  | Content root path: C:\Users\Jas\Documents\_visualStudio_projects\PeopleManagement\PeopleManagement 
 
2021-03-03 18:43:05.5342 | ERROR | url: https://localhost/api/people/insert | action: AddPerson | Exception has been thrown while trying to insert a new person Microsoft.EntityFrameworkCore.DbUpdateException: An error occurred while updating the entries. See the inner exception for details.
 ---> Microsoft.Data.SqlClient.SqlException (0x80131904): The conversion of a datetime2 data type to a datetime data type resulted in an out-of-range value.
The statement has been terminated.
   at Microsoft.Data.SqlClient.SqlCommand.<>c.<ExecuteDbDataReaderAsync>b__169_0(Task`1 result)
   at System.Threading.Tasks.ContinuationResultTaskFromResultTask`2.InnerInvoke()
   at System.Threading.ExecutionContext.RunInternal(ExecutionContext executionContext, ContextCallback callback, Object state)
--- End of stack trace from previous location where exception was thrown ---
   at System.Threading.Tasks.Task.ExecuteWithThreadLocal(Task& currentTaskSlot, Thread threadPoolThread)
--- End of stack trace from previous location where exception was thrown ---
   at Microsoft.EntityFrameworkCore.Storage.RelationalCommand.ExecuteReaderAsync(RelationalCommandParameterObject parameterObject, CancellationToken cancellationToken)
   at Microsoft.EntityFrameworkCore.Storage.RelationalCommand.ExecuteReaderAsync(RelationalCommandParameterObject parameterObject, CancellationToken cancellationToken)
   at Microsoft.EntityFrameworkCore.Update.ReaderModificationCommandBatch.ExecuteAsync(IRelationalConnection connection, CancellationToken cancellationToken)
ClientConnectionId:a64b813b-e128-4647-8e78-a36d0a550d28
Error Number:242,State:3,Class:16
   --- End of inner exception stack trace ---
   at Microsoft.EntityFrameworkCore.Update.ReaderModificationCommandBatch.ExecuteAsync(IRelationalConnection connection, CancellationToken cancellationToken)
   at Microsoft.EntityFrameworkCore.Update.Internal.BatchExecutor.ExecuteAsync(IEnumerable`1 commandBatches, IRelationalConnection connection, CancellationToken cancellationToken)
   at Microsoft.EntityFrameworkCore.Update.Internal.BatchExecutor.ExecuteAsync(IEnumerable`1 commandBatches, IRelationalConnection connection, CancellationToken cancellationToken)
   at Microsoft.EntityFrameworkCore.Update.Internal.BatchExecutor.ExecuteAsync(IEnumerable`1 commandBatches, IRelationalConnection connection, CancellationToken cancellationToken)
   at Microsoft.EntityFrameworkCore.ChangeTracking.Internal.StateManager.SaveChangesAsync(IList`1 entriesToSave, CancellationToken cancellationToken)
   at Microsoft.EntityFrameworkCore.ChangeTracking.Internal.StateManager.SaveChangesAsync(DbContext _, Boolean acceptAllChangesOnSuccess, CancellationToken cancellationToken)
   at Microsoft.EntityFrameworkCore.SqlServer.Storage.Internal.SqlServerExecutionStrategy.ExecuteAsync[TState,TResult](TState state, Func`4 operation, Func`4 verifySucceeded, CancellationToken cancellationToken)
   at Microsoft.EntityFrameworkCore.DbContext.SaveChangesAsync(Boolean acceptAllChangesOnSuccess, CancellationToken cancellationToken)
   at Microsoft.EntityFrameworkCore.DbContext.SaveChangesAsync(Boolean acceptAllChangesOnSuccess, CancellationToken cancellationToken)
   at PeopleManagement.Repositories.PeopleRepository.AddPerson(Person person) in C:\Users\Jas\Documents\_visualStudio_projects\PeopleManagement\DataAccess\Repositories\PeopleRepository.cs:line 32
   at PeopleManagement.Controllers.PeopleController.AddPerson(PersonDataModel person) in C:\Users\Jas\Documents\_visualStudio_projects\PeopleManagement\PeopleManagement\Controllers\PeopleController.cs:line 106    at Microsoft.EntityFrameworkCore.Update.ReaderModificationCommandBatch.ExecuteAsync(IRelationalConnection connection, CancellationToken cancellationToken)
   at Microsoft.EntityFrameworkCore.Update.Internal.BatchExecutor.ExecuteAsync(IEnumerable`1 commandBatches, IRelationalConnection connection, CancellationToken cancellationToken)
   at Microsoft.EntityFrameworkCore.Update.Internal.BatchExecutor.ExecuteAsync(IEnumerable`1 commandBatches, IRelationalConnection connection, CancellationToken cancellationToken)
   at Microsoft.EntityFrameworkCore.Update.Internal.BatchExecutor.ExecuteAsync(IEnumerable`1 commandBatches, IRelationalConnection connection, CancellationToken cancellationToken)
   at Microsoft.EntityFrameworkCore.ChangeTracking.Internal.StateManager.SaveChangesAsync(IList`1 entriesToSave, CancellationToken cancellationToken)
   at Microsoft.EntityFrameworkCore.ChangeTracking.Internal.StateManager.SaveChangesAsync(DbContext _, Boolean acceptAllChangesOnSuccess, CancellationToken cancellationToken)
   at Microsoft.EntityFrameworkCore.SqlServer.Storage.Internal.SqlServerExecutionStrategy.ExecuteAsync[TState,TResult](TState state, Func`4 operation, Func`4 verifySucceeded, CancellationToken cancellationToken)
   at Microsoft.EntityFrameworkCore.DbContext.SaveChangesAsync(Boolean acceptAllChangesOnSuccess, CancellationToken cancellationToken)
   at Microsoft.EntityFrameworkCore.DbContext.SaveChangesAsync(Boolean acceptAllChangesOnSuccess, CancellationToken cancellationToken)
   at PeopleManagement.Repositories.PeopleRepository.AddPerson(Person person) in C:\Users\Jas\Documents\_visualStudio_projects\PeopleManagement\DataAccess\Repositories\PeopleRepository.cs:line 32
   at PeopleManagement.Controllers.PeopleController.AddPerson(PersonDataModel person) in C:\Users\Jas\Documents\_visualStudio_projects\PeopleManagement\PeopleManagement\Controllers\PeopleController.cs:line 106
 
2021-03-03 18:43:05.5342 | ERROR | url: https://localhost/api/people/insert | action: AddPerson | Exception has been thrown while trying to insert a new person Microsoft.EntityFrameworkCore.DbUpdateException: An error occurred while updating the entries. See the inner exception for details.
 ---> Microsoft.Data.SqlClient.SqlException (0x80131904): The conversion of a datetime2 data type to a datetime data type resulted in an out-of-range value.
The statement has been terminated.
   at Microsoft.Data.SqlClient.SqlCommand.<>c.<ExecuteDbDataReaderAsync>b__169_0(Task`1 result)
   at System.Threading.Tasks.ContinuationResultTaskFromResultTask`2.InnerInvoke()
   at System.Threading.ExecutionContext.RunInternal(ExecutionContext executionContext, ContextCallback callback, Object state)
--- End of stack trace from previous location where exception was thrown ---
   at System.Threading.Tasks.Task.ExecuteWithThreadLocal(Task& currentTaskSlot, Thread threadPoolThread)
--- End of stack trace from previous location where exception was thrown ---
   at Microsoft.EntityFrameworkCore.Storage.RelationalCommand.ExecuteReaderAsync(RelationalCommandParameterObject parameterObject, CancellationToken cancellationToken)
   at Microsoft.EntityFrameworkCore.Storage.RelationalCommand.ExecuteReaderAsync(RelationalCommandParameterObject parameterObject, CancellationToken cancellationToken)
   at Microsoft.EntityFrameworkCore.Update.ReaderModificationCommandBatch.ExecuteAsync(IRelationalConnection connection, CancellationToken cancellationToken)
ClientConnectionId:a64b813b-e128-4647-8e78-a36d0a550d28
Error Number:242,State:3,Class:16
   --- End of inner exception stack trace ---
   at Microsoft.EntityFrameworkCore.Update.ReaderModificationCommandBatch.ExecuteAsync(IRelationalConnection connection, CancellationToken cancellationToken)
   at Microsoft.EntityFrameworkCore.Update.Internal.BatchExecutor.ExecuteAsync(IEnumerable`1 commandBatches, IRelationalConnection connection, CancellationToken cancellationToken)
   at Microsoft.EntityFrameworkCore.Update.Internal.BatchExecutor.ExecuteAsync(IEnumerable`1 commandBatches, IRelationalConnection connection, CancellationToken cancellationToken)
   at Microsoft.EntityFrameworkCore.Update.Internal.BatchExecutor.ExecuteAsync(IEnumerable`1 commandBatches, IRelationalConnection connection, CancellationToken cancellationToken)
   at Microsoft.EntityFrameworkCore.ChangeTracking.Internal.StateManager.SaveChangesAsync(IList`1 entriesToSave, CancellationToken cancellationToken)
   at Microsoft.EntityFrameworkCore.ChangeTracking.Internal.StateManager.SaveChangesAsync(DbContext _, Boolean acceptAllChangesOnSuccess, CancellationToken cancellationToken)
   at Microsoft.EntityFrameworkCore.SqlServer.Storage.Internal.SqlServerExecutionStrategy.ExecuteAsync[TState,TResult](TState state, Func`4 operation, Func`4 verifySucceeded, CancellationToken cancellationToken)
   at Microsoft.EntityFrameworkCore.DbContext.SaveChangesAsync(Boolean acceptAllChangesOnSuccess, CancellationToken cancellationToken)
   at Microsoft.EntityFrameworkCore.DbContext.SaveChangesAsync(Boolean acceptAllChangesOnSuccess, CancellationToken cancellationToken)
   at PeopleManagement.Repositories.PeopleRepository.AddPerson(Person person) in C:\Users\Jas\Documents\_visualStudio_projects\PeopleManagement\DataAccess\Repositories\PeopleRepository.cs:line 32
   at PeopleManagement.Controllers.PeopleController.AddPerson(PersonDataModel person) in C:\Users\Jas\Documents\_visualStudio_projects\PeopleManagement\PeopleManagement\Controllers\PeopleController.cs:line 106    at Microsoft.EntityFrameworkCore.Update.ReaderModificationCommandBatch.ExecuteAsync(IRelationalConnection connection, CancellationToken cancellationToken)
   at Microsoft.EntityFrameworkCore.Update.Internal.BatchExecutor.ExecuteAsync(IEnumerable`1 commandBatches, IRelationalConnection connection, CancellationToken cancellationToken)
   at Microsoft.EntityFrameworkCore.Update.Internal.BatchExecutor.ExecuteAsync(IEnumerable`1 commandBatches, IRelationalConnection connection, CancellationToken cancellationToken)
   at Microsoft.EntityFrameworkCore.Update.Internal.BatchExecutor.ExecuteAsync(IEnumerable`1 commandBatches, IRelationalConnection connection, CancellationToken cancellationToken)
   at Microsoft.EntityFrameworkCore.ChangeTracking.Internal.StateManager.SaveChangesAsync(IList`1 entriesToSave, CancellationToken cancellationToken)
   at Microsoft.EntityFrameworkCore.ChangeTracking.Internal.StateManager.SaveChangesAsync(DbContext _, Boolean acceptAllChangesOnSuccess, CancellationToken cancellationToken)
   at Microsoft.EntityFrameworkCore.SqlServer.Storage.Internal.SqlServerExecutionStrategy.ExecuteAsync[TState,TResult](TState state, Func`4 operation, Func`4 verifySucceeded, CancellationToken cancellationToken)
   at Microsoft.EntityFrameworkCore.DbContext.SaveChangesAsync(Boolean acceptAllChangesOnSuccess, CancellationToken cancellationToken)
   at Microsoft.EntityFrameworkCore.DbContext.SaveChangesAsync(Boolean acceptAllChangesOnSuccess, CancellationToken cancellationToken)
   at PeopleManagement.Repositories.PeopleRepository.AddPerson(Person person) in C:\Users\Jas\Documents\_visualStudio_projects\PeopleManagement\DataAccess\Repositories\PeopleRepository.cs:line 32
   at PeopleManagement.Controllers.PeopleController.AddPerson(PersonDataModel person) in C:\Users\Jas\Documents\_visualStudio_projects\PeopleManagement\PeopleManagement\Controllers\PeopleController.cs:line 106
 
2021-03-03 18:58:27.1066 | DEBUG | url:  | action:  | init main 
 
2021-03-03 18:58:27.1066 | DEBUG | url:  | action:  | init main 
 
2021-03-03 18:58:28.7882 | INFO | url:  | action:  | Application started. Press Ctrl+C to shut down. 
 
2021-03-03 18:58:28.7882 | INFO | url:  | action:  | Application started. Press Ctrl+C to shut down. 
 
2021-03-03 18:58:28.7882 | INFO | url:  | action:  | Hosting environment: Development 
 
2021-03-03 18:58:28.7882 | INFO | url:  | action:  | Hosting environment: Development 
 
2021-03-03 18:58:28.7882 | INFO | url:  | action:  | Content root path: C:\Users\Jas\Documents\_visualStudio_projects\PeopleManagement\PeopleManagement 
 
2021-03-03 18:58:28.7882 | INFO | url:  | action:  | Content root path: C:\Users\Jas\Documents\_visualStudio_projects\PeopleManagement\PeopleManagement 
 
2021-03-03 19:28:49.4257 | DEBUG | url:  | action:  | init main 
 
2021-03-03 19:28:49.4257 | DEBUG | url:  | action:  | init main 
 
2021-03-03 19:28:50.8861 | INFO | url:  | action:  | Application started. Press Ctrl+C to shut down. 
 
2021-03-03 19:28:50.8861 | INFO | url:  | action:  | Application started. Press Ctrl+C to shut down. 
 
2021-03-03 19:28:50.8861 | INFO | url:  | action:  | Hosting environment: Development 
 
2021-03-03 19:28:50.8861 | INFO | url:  | action:  | Hosting environment: Development 
 
2021-03-03 19:28:50.8983 | INFO | url:  | action:  | Content root path: C:\Users\Jas\Documents\_visualStudio_projects\PeopleManagement\PeopleManagement 
 
2021-03-03 19:28:50.8983 | INFO | url:  | action:  | Content root path: C:\Users\Jas\Documents\_visualStudio_projects\PeopleManagement\PeopleManagement 
 
